生成启动时间为 2020/12/25 9:20:40。
     1>项目“G:\VisualStudio2013\VisualStudioProjects\贪吃蛇\贪吃蛇\贪吃蛇.vcxproj”在节点 2 上(Build 个目标)。
     1>ClCompile:
         G:\VisualStudio2013\VC\bin\CL.exe /c /ZI /nologo /W3 /WX- /sdl- /Od /Oy- /Gm /EHsc /RTC1 /MDd /GS /fp:precise /Zc:wchar_t /Zc:forScope /Fo"Debug\\" /Fd"Debug\vc120.pdb" /Gd /TP /analyze- /errorReport:prompt snake.cpp
         snake.cpp
     1>g:\visualstudio2013\visualstudioprojects\贪吃蛇\贪吃蛇\snake.cpp(44): warning C4996: 'sprintf': This function or variable may be unsafe. Consider using sprintf_s instead. To disable deprecation, use _CRT_SECURE_NO_WARNINGS. See online help for details.
                 g:\visualstudio2013\vc\include\stdio.h(356) : 参见“sprintf”的声明
     1>g:\visualstudio2013\visualstudioprojects\贪吃蛇\贪吃蛇\snake.cpp(46): warning C4996: 'sprintf': This function or variable may be unsafe. Consider using sprintf_s instead. To disable deprecation, use _CRT_SECURE_NO_WARNINGS. See online help for details.
                 g:\visualstudio2013\vc\include\stdio.h(356) : 参见“sprintf”的声明
     1>g:\visualstudio2013\visualstudioprojects\贪吃蛇\贪吃蛇\snake.cpp(48): warning C4996: 'sprintf': This function or variable may be unsafe. Consider using sprintf_s instead. To disable deprecation, use _CRT_SECURE_NO_WARNINGS. See online help for details.
                 g:\visualstudio2013\vc\include\stdio.h(356) : 参见“sprintf”的声明
     1>g:\visualstudio2013\visualstudioprojects\贪吃蛇\贪吃蛇\snake.cpp(50): warning C4996: 'sprintf': This function or variable may be unsafe. Consider using sprintf_s instead. To disable deprecation, use _CRT_SECURE_NO_WARNINGS. See online help for details.
                 g:\visualstudio2013\vc\include\stdio.h(356) : 参见“sprintf”的声明
     1>g:\visualstudio2013\visualstudioprojects\贪吃蛇\贪吃蛇\snake.cpp(97): warning C4996: 'sprintf': This function or variable may be unsafe. Consider using sprintf_s instead. To disable deprecation, use _CRT_SECURE_NO_WARNINGS. See online help for details.
                 g:\visualstudio2013\vc\include\stdio.h(356) : 参见“sprintf”的声明
     1>g:\visualstudio2013\visualstudioprojects\贪吃蛇\贪吃蛇\snake.cpp(193): warning C4996: 'sprintf': This function or variable may be unsafe. Consider using sprintf_s instead. To disable deprecation, use _CRT_SECURE_NO_WARNINGS. See online help for details.
                 g:\visualstudio2013\vc\include\stdio.h(356) : 参见“sprintf”的声明
     1>g:\visualstudio2013\visualstudioprojects\贪吃蛇\贪吃蛇\snake.cpp(205): warning C4996: 'sprintf': This function or variable may be unsafe. Consider using sprintf_s instead. To disable deprecation, use _CRT_SECURE_NO_WARNINGS. See online help for details.
                 g:\visualstudio2013\vc\include\stdio.h(356) : 参见“sprintf”的声明
       Link:
         G:\VisualStudio2013\VC\bin\link.exe /ERRORREPORT:PROMPT /OUT:"G:\VisualStudio2013\VisualStudioProjects\贪吃蛇\Debug\贪吃蛇.exe" /INCREMENTAL /NOLOGO kernel32.lib user32.lib gdi32.lib winspool.lib comdlg32.lib advapi32.lib shell32.lib ole32.lib oleaut32.lib uuid.lib odbc32.lib odbccp32.lib /MANIFEST /MANIFESTUAC:"level='asInvoker' uiAccess='false'" /manifest:embed /DEBUG /PDB:"G:\VisualStudio2013\VisualStudioProjects\贪吃蛇\Debug\贪吃蛇.pdb" /TLBID:1 /DYNAMICBASE /NXCOMPAT /IMPLIB:"G:\VisualStudio2013\VisualStudioProjects\贪吃蛇\Debug\贪吃蛇.lib" /MACHINE:X86 Debug\snake.obj
         贪吃蛇.vcxproj -> G:\VisualStudio2013\VisualStudioProjects\贪吃蛇\Debug\贪吃蛇.exe
     1>已完成生成项目“G:\VisualStudio2013\VisualStudioProjects\贪吃蛇\贪吃蛇\贪吃蛇.vcxproj”(Build 个目标)的操作。

生成成功。

已用时间 00:00:04.61
